<?xml version="1.0" encoding="UTF-8"?>
<Site BuildName="(empty)"
	BuildStamp="20240721-2034-Experimental"
	Name="sophia-Laptop"
	Generator="ctest-3.22.1"
	CompilerName="/usr/bin/c++"
	CompilerVersion="11.4.0"
	OSName="Linux"
	Hostname="sophia-Laptop"
	OSRelease="6.5.0-44-generic"
	OSVersion="#44~22.04.1-Ubuntu SMP PREEMPT_DYNAMIC Tue Jun 18 14:36:16 UTC 2"
	OSPlatform="x86_64"
	Is64Bits="1"
	VendorString="AuthenticAMD"
	VendorID="Advanced Micro Devices"
	FamilyID="23"
	ModelID="160"
	ProcessorCacheSize="512"
	NumberOfLogicalCPU="8"
	NumberOfPhysicalCPU="4"
	TotalVirtualMemory="2047"
	TotalPhysicalMemory="15218"
	LogicalProcessorsPerPhysical="2"
	ProcessorClockFrequency="1906.75"
	>
	<Testing>
		<StartDateTime>Jul 21 16:41 EDT</StartDateTime>
		<StartTestTime>1721594495</StartTestTime>
		<TestList/>
		<EndDateTime>Jul 21 16:41 EDT</EndDateTime>
		<EndTestTime>1721594495</EndTestTime>
		<ElapsedMinutes>0</ElapsedMinutes>
	</Testing>
</Site>
